2025-05-25 03:10:43,835 - INFO - Ingesting begin_inventory.csv into DB in chunks
2025-05-25 03:10:44,944 - INFO -  - Chunk 1 ingested (shape=(100000, 9))
2025-05-25 03:10:45,728 - INFO -  - Chunk 2 ingested (shape=(100000, 9))
2025-05-25 03:10:45,798 - INFO -  - Chunk 3 ingested (shape=(6529, 9))
2025-05-25 03:10:45,798 - INFO - Ingesting end_inventory.csv into DB in chunks
2025-05-25 03:10:46,532 - INFO -  - Chunk 1 ingested (shape=(100000, 9))
2025-05-25 03:10:47,227 - INFO -  - Chunk 2 ingested (shape=(100000, 9))
2025-05-25 03:10:47,444 - INFO -  - Chunk 3 ingested (shape=(24489, 9))
2025-05-25 03:10:47,444 - INFO - Ingesting purchases.csv into DB in chunks
2025-05-25 03:10:48,864 - INFO -  - Chunk 1 ingested (shape=(100000, 16))
2025-05-25 03:10:50,014 - INFO -  - Chunk 2 ingested (shape=(100000, 16))
2025-05-25 03:10:51,127 - INFO -  - Chunk 3 ingested (shape=(100000, 16))
2025-05-25 03:10:52,204 - INFO -  - Chunk 4 ingested (shape=(100000, 16))
2025-05-25 03:10:53,311 - INFO -  - Chunk 5 ingested (shape=(100000, 16))
2025-05-25 03:10:54,378 - INFO -  - Chunk 6 ingested (shape=(100000, 16))
2025-05-25 03:10:55,513 - INFO -  - Chunk 7 ingested (shape=(100000, 16))
2025-05-25 03:10:56,626 - INFO -  - Chunk 8 ingested (shape=(100000, 16))
2025-05-25 03:10:57,762 - INFO -  - Chunk 9 ingested (shape=(100000, 16))
2025-05-25 03:10:58,827 - INFO -  - Chunk 10 ingested (shape=(100000, 16))
2025-05-25 03:11:00,079 - INFO -  - Chunk 11 ingested (shape=(100000, 16))
2025-05-25 03:11:01,165 - INFO -  - Chunk 12 ingested (shape=(100000, 16))
2025-05-25 03:11:02,594 - INFO -  - Chunk 13 ingested (shape=(100000, 16))
2025-05-25 03:11:03,777 - INFO -  - Chunk 14 ingested (shape=(100000, 16))
2025-05-25 03:11:04,894 - INFO -  - Chunk 15 ingested (shape=(100000, 16))
2025-05-25 03:11:06,123 - INFO -  - Chunk 16 ingested (shape=(100000, 16))
2025-05-25 03:11:07,219 - INFO -  - Chunk 17 ingested (shape=(100000, 16))
2025-05-25 03:11:08,352 - INFO -  - Chunk 18 ingested (shape=(100000, 16))
2025-05-25 03:11:09,776 - INFO -  - Chunk 19 ingested (shape=(100000, 16))
2025-05-25 03:11:10,850 - INFO -  - Chunk 20 ingested (shape=(100000, 16))
2025-05-25 03:11:11,949 - INFO -  - Chunk 21 ingested (shape=(100000, 16))
2025-05-25 03:11:13,001 - INFO -  - Chunk 22 ingested (shape=(100000, 16))
2025-05-25 03:11:14,110 - INFO -  - Chunk 23 ingested (shape=(100000, 16))
2025-05-25 03:11:14,916 - INFO -  - Chunk 24 ingested (shape=(72474, 16))
2025-05-25 03:11:14,917 - INFO - Ingesting purchase_prices.csv into DB in chunks
2025-05-25 03:11:15,006 - INFO -  - Chunk 1 ingested (shape=(12261, 9))
2025-05-25 03:11:15,007 - INFO - Ingesting sales.csv into DB in chunks
2025-05-25 03:11:16,060 - INFO -  - Chunk 1 ingested (shape=(100000, 14))
2025-05-25 03:11:17,011 - INFO -  - Chunk 2 ingested (shape=(100000, 14))
2025-05-25 03:11:18,014 - INFO -  - Chunk 3 ingested (shape=(100000, 14))
2025-05-25 03:11:18,963 - INFO -  - Chunk 4 ingested (shape=(100000, 14))
2025-05-25 03:11:20,046 - INFO -  - Chunk 5 ingested (shape=(100000, 14))
2025-05-25 03:11:21,114 - INFO -  - Chunk 6 ingested (shape=(100000, 14))
2025-05-25 03:11:22,267 - INFO -  - Chunk 7 ingested (shape=(100000, 14))
2025-05-25 03:11:23,493 - INFO -  - Chunk 8 ingested (shape=(100000, 14))
2025-05-25 03:11:24,697 - INFO -  - Chunk 9 ingested (shape=(100000, 14))
2025-05-25 03:11:26,137 - INFO -  - Chunk 10 ingested (shape=(100000, 14))
2025-05-25 03:11:27,411 - INFO -  - Chunk 11 ingested (shape=(100000, 14))
2025-05-25 03:11:28,632 - INFO -  - Chunk 12 ingested (shape=(100000, 14))
2025-05-25 03:11:29,912 - INFO -  - Chunk 13 ingested (shape=(100000, 14))
2025-05-25 03:11:31,146 - INFO -  - Chunk 14 ingested (shape=(100000, 14))
2025-05-25 03:11:32,360 - INFO -  - Chunk 15 ingested (shape=(100000, 14))
2025-05-25 03:11:33,434 - INFO -  - Chunk 16 ingested (shape=(100000, 14))
2025-05-25 03:11:34,596 - INFO -  - Chunk 17 ingested (shape=(100000, 14))
2025-05-25 03:11:35,710 - INFO -  - Chunk 18 ingested (shape=(100000, 14))
2025-05-25 03:11:36,896 - INFO -  - Chunk 19 ingested (shape=(100000, 14))
2025-05-25 03:11:38,061 - INFO -  - Chunk 20 ingested (shape=(100000, 14))
2025-05-25 03:11:39,328 - INFO -  - Chunk 21 ingested (shape=(100000, 14))
2025-05-25 03:11:40,444 - INFO -  - Chunk 22 ingested (shape=(100000, 14))
2025-05-25 03:11:41,534 - INFO -  - Chunk 23 ingested (shape=(100000, 14))
2025-05-25 03:11:42,652 - INFO -  - Chunk 24 ingested (shape=(100000, 14))
2025-05-25 03:11:43,811 - INFO -  - Chunk 25 ingested (shape=(100000, 14))
2025-05-25 03:11:44,937 - INFO -  - Chunk 26 ingested (shape=(100000, 14))
2025-05-25 03:11:46,176 - INFO -  - Chunk 27 ingested (shape=(100000, 14))
2025-05-25 03:11:47,844 - INFO -  - Chunk 28 ingested (shape=(100000, 14))
2025-05-25 03:11:49,228 - INFO -  - Chunk 29 ingested (shape=(100000, 14))
2025-05-25 03:11:50,528 - INFO -  - Chunk 30 ingested (shape=(100000, 14))
2025-05-25 03:11:52,230 - INFO -  - Chunk 31 ingested (shape=(100000, 14))
2025-05-25 03:11:53,753 - INFO -  - Chunk 32 ingested (shape=(100000, 14))
2025-05-25 03:11:54,922 - INFO -  - Chunk 33 ingested (shape=(100000, 14))
2025-05-25 03:11:56,141 - INFO -  - Chunk 34 ingested (shape=(100000, 14))
2025-05-25 03:11:57,331 - INFO -  - Chunk 35 ingested (shape=(100000, 14))
2025-05-25 03:11:58,373 - INFO -  - Chunk 36 ingested (shape=(100000, 14))
2025-05-25 03:11:59,536 - INFO -  - Chunk 37 ingested (shape=(100000, 14))
2025-05-25 03:12:00,653 - INFO -  - Chunk 38 ingested (shape=(100000, 14))
2025-05-25 03:12:01,773 - INFO -  - Chunk 39 ingested (shape=(100000, 14))
2025-05-25 03:12:03,014 - INFO -  - Chunk 40 ingested (shape=(100000, 14))
2025-05-25 03:12:04,223 - INFO -  - Chunk 41 ingested (shape=(100000, 14))
2025-05-25 03:12:05,250 - INFO -  - Chunk 42 ingested (shape=(100000, 14))
2025-05-25 03:12:06,630 - INFO -  - Chunk 43 ingested (shape=(100000, 14))
2025-05-25 03:12:07,675 - INFO -  - Chunk 44 ingested (shape=(100000, 14))
2025-05-25 03:12:08,749 - INFO -  - Chunk 45 ingested (shape=(100000, 14))
2025-05-25 03:12:09,761 - INFO -  - Chunk 46 ingested (shape=(100000, 14))
2025-05-25 03:12:10,849 - INFO -  - Chunk 47 ingested (shape=(100000, 14))
2025-05-25 03:12:11,869 - INFO -  - Chunk 48 ingested (shape=(100000, 14))
2025-05-25 03:12:13,066 - INFO -  - Chunk 49 ingested (shape=(100000, 14))
2025-05-25 03:12:14,094 - INFO -  - Chunk 50 ingested (shape=(100000, 14))
2025-05-25 03:12:15,197 - INFO -  - Chunk 51 ingested (shape=(100000, 14))
2025-05-25 03:12:16,266 - INFO -  - Chunk 52 ingested (shape=(100000, 14))
2025-05-25 03:12:17,416 - INFO -  - Chunk 53 ingested (shape=(100000, 14))
2025-05-25 03:12:18,450 - INFO -  - Chunk 54 ingested (shape=(100000, 14))
2025-05-25 03:12:19,563 - INFO -  - Chunk 55 ingested (shape=(100000, 14))
2025-05-25 03:12:20,617 - INFO -  - Chunk 56 ingested (shape=(100000, 14))
2025-05-25 03:12:21,721 - INFO -  - Chunk 57 ingested (shape=(100000, 14))
2025-05-25 03:12:22,771 - INFO -  - Chunk 58 ingested (shape=(100000, 14))
2025-05-25 03:12:23,859 - INFO -  - Chunk 59 ingested (shape=(100000, 14))
2025-05-25 03:12:24,893 - INFO -  - Chunk 60 ingested (shape=(100000, 14))
2025-05-25 03:12:26,068 - INFO -  - Chunk 61 ingested (shape=(100000, 14))
2025-05-25 03:12:27,243 - INFO -  - Chunk 62 ingested (shape=(100000, 14))
2025-05-25 03:12:28,716 - INFO -  - Chunk 63 ingested (shape=(100000, 14))
2025-05-25 03:12:29,821 - INFO -  - Chunk 64 ingested (shape=(100000, 14))
2025-05-25 03:12:30,931 - INFO -  - Chunk 65 ingested (shape=(100000, 14))
2025-05-25 03:12:31,924 - INFO -  - Chunk 66 ingested (shape=(100000, 14))
2025-05-25 03:12:33,055 - INFO -  - Chunk 67 ingested (shape=(100000, 14))
2025-05-25 03:12:34,130 - INFO -  - Chunk 68 ingested (shape=(100000, 14))
2025-05-25 03:12:35,200 - INFO -  - Chunk 69 ingested (shape=(100000, 14))
2025-05-25 03:12:36,220 - INFO -  - Chunk 70 ingested (shape=(100000, 14))
2025-05-25 03:12:37,469 - INFO -  - Chunk 71 ingested (shape=(100000, 14))
2025-05-25 03:12:38,494 - INFO -  - Chunk 72 ingested (shape=(100000, 14))
2025-05-25 03:12:39,772 - INFO -  - Chunk 73 ingested (shape=(100000, 14))
2025-05-25 03:12:40,910 - INFO -  - Chunk 74 ingested (shape=(100000, 14))
2025-05-25 03:12:42,096 - INFO -  - Chunk 75 ingested (shape=(100000, 14))
2025-05-25 03:12:43,149 - INFO -  - Chunk 76 ingested (shape=(100000, 14))
2025-05-25 03:12:44,160 - INFO -  - Chunk 77 ingested (shape=(100000, 14))
2025-05-25 03:12:45,109 - INFO -  - Chunk 78 ingested (shape=(100000, 14))
2025-05-25 03:12:46,239 - INFO -  - Chunk 79 ingested (shape=(100000, 14))
2025-05-25 03:12:47,340 - INFO -  - Chunk 80 ingested (shape=(100000, 14))
2025-05-25 03:12:48,756 - INFO -  - Chunk 81 ingested (shape=(100000, 14))
2025-05-25 03:12:49,777 - INFO -  - Chunk 82 ingested (shape=(100000, 14))
2025-05-25 03:12:50,876 - INFO -  - Chunk 83 ingested (shape=(100000, 14))
2025-05-25 03:12:51,853 - INFO -  - Chunk 84 ingested (shape=(100000, 14))
2025-05-25 03:12:52,899 - INFO -  - Chunk 85 ingested (shape=(100000, 14))
2025-05-25 03:12:53,865 - INFO -  - Chunk 86 ingested (shape=(100000, 14))
2025-05-25 03:12:55,075 - INFO -  - Chunk 87 ingested (shape=(100000, 14))
2025-05-25 03:12:56,095 - INFO -  - Chunk 88 ingested (shape=(100000, 14))
2025-05-25 03:12:57,179 - INFO -  - Chunk 89 ingested (shape=(100000, 14))
2025-05-25 03:12:58,484 - INFO -  - Chunk 90 ingested (shape=(100000, 14))
2025-05-25 03:12:59,649 - INFO -  - Chunk 91 ingested (shape=(100000, 14))
2025-05-25 03:13:00,690 - INFO -  - Chunk 92 ingested (shape=(100000, 14))
2025-05-25 03:13:01,709 - INFO -  - Chunk 93 ingested (shape=(100000, 14))
2025-05-25 03:13:02,749 - INFO -  - Chunk 94 ingested (shape=(100000, 14))
2025-05-25 03:13:03,824 - INFO -  - Chunk 95 ingested (shape=(100000, 14))
2025-05-25 03:13:04,895 - INFO -  - Chunk 96 ingested (shape=(100000, 14))
2025-05-25 03:13:06,112 - INFO -  - Chunk 97 ingested (shape=(100000, 14))
2025-05-25 03:13:07,354 - INFO -  - Chunk 98 ingested (shape=(100000, 14))
2025-05-25 03:13:08,473 - INFO -  - Chunk 99 ingested (shape=(100000, 14))
2025-05-25 03:13:09,747 - INFO -  - Chunk 100 ingested (shape=(100000, 14))
2025-05-25 03:13:11,770 - INFO -  - Chunk 101 ingested (shape=(100000, 14))
2025-05-25 03:13:13,719 - INFO -  - Chunk 102 ingested (shape=(100000, 14))
2025-05-25 03:13:15,466 - INFO -  - Chunk 103 ingested (shape=(100000, 14))
2025-05-25 03:13:17,051 - INFO -  - Chunk 104 ingested (shape=(100000, 14))
2025-05-25 03:13:18,663 - INFO -  - Chunk 105 ingested (shape=(100000, 14))
2025-05-25 03:13:19,903 - INFO -  - Chunk 106 ingested (shape=(100000, 14))
2025-05-25 03:13:21,378 - INFO -  - Chunk 107 ingested (shape=(100000, 14))
2025-05-25 03:13:22,854 - INFO -  - Chunk 108 ingested (shape=(100000, 14))
2025-05-25 03:13:24,462 - INFO -  - Chunk 109 ingested (shape=(100000, 14))
2025-05-25 03:13:26,200 - INFO -  - Chunk 110 ingested (shape=(100000, 14))
2025-05-25 03:13:27,818 - INFO -  - Chunk 111 ingested (shape=(100000, 14))
2025-05-25 03:13:29,219 - INFO -  - Chunk 112 ingested (shape=(100000, 14))
2025-05-25 03:13:30,948 - INFO -  - Chunk 113 ingested (shape=(100000, 14))
2025-05-25 03:13:32,424 - INFO -  - Chunk 114 ingested (shape=(100000, 14))
2025-05-25 03:13:33,920 - INFO -  - Chunk 115 ingested (shape=(100000, 14))
2025-05-25 03:13:35,444 - INFO -  - Chunk 116 ingested (shape=(100000, 14))
2025-05-25 03:13:36,828 - INFO -  - Chunk 117 ingested (shape=(100000, 14))
2025-05-25 03:13:38,414 - INFO -  - Chunk 118 ingested (shape=(100000, 14))
2025-05-25 03:13:39,797 - INFO -  - Chunk 119 ingested (shape=(100000, 14))
2025-05-25 03:13:41,157 - INFO -  - Chunk 120 ingested (shape=(100000, 14))
2025-05-25 03:13:42,638 - INFO -  - Chunk 121 ingested (shape=(100000, 14))
2025-05-25 03:13:43,808 - INFO -  - Chunk 122 ingested (shape=(100000, 14))
2025-05-25 03:13:44,852 - INFO -  - Chunk 123 ingested (shape=(100000, 14))
2025-05-25 03:13:45,960 - INFO -  - Chunk 124 ingested (shape=(100000, 14))
2025-05-25 03:13:47,192 - INFO -  - Chunk 125 ingested (shape=(100000, 14))
2025-05-25 03:13:48,238 - INFO -  - Chunk 126 ingested (shape=(100000, 14))
2025-05-25 03:13:49,525 - INFO -  - Chunk 127 ingested (shape=(100000, 14))
2025-05-25 03:13:50,634 - INFO -  - Chunk 128 ingested (shape=(100000, 14))
2025-05-25 03:13:50,894 - INFO -  - Chunk 129 ingested (shape=(25363, 14))
2025-05-25 03:13:50,894 - INFO - Ingesting vendor_invoice.csv into DB in chunks
2025-05-25 03:13:50,955 - INFO -  - Chunk 1 ingested (shape=(5543, 10))
2025-05-25 03:13:50,955 - INFO - -------- Ingestion Complete --------
2025-05-25 03:13:50,957 - INFO - 
Total Time Taken: 3.12 minutes
2025-05-25 20:11:17,795 - INFO - Creating Vendor Summary Table....
2025-05-25 20:13:04,235 - INFO -    VendorNumber                   VendorName  Brand              Description  \
0          1128  BROWN-FORMAN CORP             1233  Jack Daniels No 7 Black   
1          4425        MARTIGNETTI COMPANIES   3405    Tito's Handmade Vodka   
2         17035  PERNOD RICARD USA             8068         Absolut 80 Proof   
3          3960  DIAGEO NORTH AMERICA INC      4261   Capt Morgan Spiced Rum   
4          3960  DIAGEO NORTH AMERICA INC      3545          Ketel One Vodka   

   PurchasePrice  ActualPrice Volume  TotalPurchaseQuantity  \
0          26.27        36.99   1750                 580320   
1          23.19        28.99   1750                 656152   
2          18.24        24.99   1750                 749628   
3          16.17        22.99   1750                 806728   
4          21.89        29.99   1750                 552436   

   TotalPurchaseDollars  TotalSalesQuantity  TotalSalesDollars  \
0           15245006.40            284098.0        10203839.02   
1           15216164.88            320494.0         9638146.98   
2           13673214.72            374280.0         9076241.20   
3           13044791.76            400824.0         8951945.76   
4           12092824.04            271676.0         8446215.24   

   TotalSalesPrice  TotalExciseTax  FreightCost  
0       1345638.62       521998.40    137203.36  
1       1123024.74       588877.32    289858.48  
2        922280.30       687708.14    247560.44  
3        840100.02       736485.60    514064.14  
4       1091556.56       499175.66    514064.14  
2025-05-25 20:13:04,307 - INFO - Cleaning Data.....
2025-05-25 20:13:04,413 - INFO -    VendorNumber                VendorName  Brand              Description  \
0          1128         BROWN-FORMAN CORP   1233  Jack Daniels No 7 Black   
1          4425     MARTIGNETTI COMPANIES   3405    Tito's Handmade Vodka   
2         17035         PERNOD RICARD USA   8068         Absolut 80 Proof   
3          3960  DIAGEO NORTH AMERICA INC   4261   Capt Morgan Spiced Rum   
4          3960  DIAGEO NORTH AMERICA INC   3545          Ketel One Vodka   

   PurchasePrice  ActualPrice  Volume  TotalPurchaseQuantity  \
0          26.27        36.99  1750.0                 580320   
1          23.19        28.99  1750.0                 656152   
2          18.24        24.99  1750.0                 749628   
3          16.17        22.99  1750.0                 806728   
4          21.89        29.99  1750.0                 552436   

   TotalPurchaseDollars  TotalSalesQuantity  TotalSalesDollars  \
0           15245006.40            284098.0        10203839.02   
1           15216164.88            320494.0         9638146.98   
2           13673214.72            374280.0         9076241.20   
3           13044791.76            400824.0         8951945.76   
4           12092824.04            271676.0         8446215.24   

   TotalSalesPrice  TotalExciseTax  FreightCost  GrossProfit  ProfitMargin  \
0       1345638.62       521998.40    137203.36  -5041167.38    -49.404615   
1       1123024.74       588877.32    289858.48  -5578017.90    -57.874381   
2        922280.30       687708.14    247560.44  -4596973.52    -50.648428   
3        840100.02       736485.60    514064.14  -4092846.00    -45.720183   
4       1091556.56       499175.66    514064.14  -3646608.80    -43.174472   

   StockTurnover  SalesToPurchaseRatio  
0       0.489554              0.669323  
1       0.488445              0.633415  
2       0.499288              0.663797  
3       0.496851              0.686247  
4       0.491778              0.698449  
2025-05-25 20:13:04,426 - INFO - Ingesting data.....
2025-05-25 20:13:04,513 - INFO - Completed
